{
  "RSpec": {
    "coverage": {
      "/Users/rayj/turing/Mod_2/projects/relational_rails/config/environment.rb": {
        "lines": [
          null,
          1,
          null,
          null,
          1
        ]
      },
      "/Users/rayj/turing/Mod_2/projects/relational_rails/config/application.rb": {
        "lines": [
          1,
          null,
          1,
          null,
          1,
          1,
          1,
          1,
          1,
          1,
          1,
          1,
          1,
          null,
          null,
          null,
          null,
          1,
          null,
          1,
          1,
          null,
          1,
          null,
          null,
          null,
          null,
          null,
          null,
          null,
          1,
          null,
          null
        ]
      },
      "/Users/rayj/turing/Mod_2/projects/relational_rails/config/boot.rb": {
        "lines": [
          1,
          null,
          1,
          1
        ]
      },
      "/Users/rayj/turing/Mod_2/projects/relational_rails/config/environments/test.rb": {
        "lines": [
          1,
          null,
          null,
          null,
          null,
          null,
          null,
          1,
          null,
          null,
          null,
          null,
          1,
          null,
          null,
          1,
          1,
          null,
          null,
          null,
          null,
          1,
          1,
          null,
          null,
          1,
          null,
          null,
          1,
          null,
          null,
          1,
          null,
          1,
          null,
          null,
          null,
          null,
          1,
          null,
          null,
          1,
          null,
          null,
          null,
          null
        ]
      },
      "/Users/rayj/turing/Mod_2/projects/relational_rails/config/initializers/application_controller_renderer.rb": {
        "lines": [
          null,
          null,
          null,
          null,
          null,
          null,
          null,
          null
        ]
      },
      "/Users/rayj/turing/Mod_2/projects/relational_rails/config/initializers/assets.rb": {
        "lines": [
          null,
          null,
          null,
          1,
          null,
          null,
          null,
          null,
          1,
          null,
          null,
          null,
          null,
          null
        ]
      },
      "/Users/rayj/turing/Mod_2/projects/relational_rails/config/initializers/backtrace_silencers.rb": {
        "lines": [
          null,
          null,
          null,
          null,
          null,
          null,
          null
        ]
      },
      "/Users/rayj/turing/Mod_2/projects/relational_rails/config/initializers/content_security_policy.rb": {
        "lines": [
          null,
          null,
          null,
          null,
          null,
          null,
          null,
          null,
          null,
          null,
          null,
          null,
          null,
          null,
          null,
          null,
          null,
          null,
          null,
          null,
          null,
          null,
          null,
          null,
          null
        ]
      },
      "/Users/rayj/turing/Mod_2/projects/relational_rails/config/initializers/cookies_serializer.rb": {
        "lines": [
          null,
          null,
          null,
          null,
          1
        ]
      },
      "/Users/rayj/turing/Mod_2/projects/relational_rails/config/initializers/filter_parameter_logging.rb": {
        "lines": [
          null,
          null,
          null,
          1
        ]
      },
      "/Users/rayj/turing/Mod_2/projects/relational_rails/config/initializers/inflections.rb": {
        "lines": [
          null,
          null,
          null,
          null,
          null,
          null,
          null,
          null,
          null,
          null,
          null,
          null,
          null,
          null,
          null,
          null
        ]
      },
      "/Users/rayj/turing/Mod_2/projects/relational_rails/config/initializers/mime_types.rb": {
        "lines": [
          null,
          null,
          null,
          null
        ]
      },
      "/Users/rayj/turing/Mod_2/projects/relational_rails/config/initializers/wrap_parameters.rb": {
        "lines": [
          null,
          null,
          null,
          null,
          null,
          null,
          1,
          2,
          null,
          null,
          null,
          null,
          null,
          null
        ]
      },
      "/Users/rayj/turing/Mod_2/projects/relational_rails/config/routes.rb": {
        "lines": [
          1,
          1,
          null,
          1,
          null,
          null,
          1,
          null,
          1,
          1,
          1,
          null,
          1,
          null
        ]
      },
      "/Users/olivia/turing/Mod-2/projects/relational_rails/app/helpers/application_helper.rb": {
        "lines": [
          1,
          null
        ]
      },
      "/Users/olivia/turing/Mod-2/projects/relational_rails/spec/features/Bakeries-Pastries/bakeries_pastries_show_spec.rb": {
        "lines": [
          1,
          null,
          null,
          null,
          null,
          1,
          1,
          1,
          1,
          1,
          null,
          1,
          1,
          null,
          null
        ]
      },
      "/Users/olivia/turing/Mod-2/projects/relational_rails/spec/features/bakery/bakery_index_spec.rb": {
        "lines": [
          1,
          null,
          null,
          null,
          null,
          null,
          1,
          1,
          2,
          2,
          2,
          null,
          null,
          1,
          null,
          1,
          1,
          null,
          null,
          null,
          null,
          null,
          null,
          null,
          1,
          1,
          null,
          1,
          1,
          1,
          1,
          null,
          null,
          null
        ]
      },
      "/Users/olivia/turing/Mod-2/projects/relational_rails/spec/features/bakery/bakery_show_spec.rb": {
        "lines": [
          1,
          null,
          null,
          null,
          null,
          null,
          1,
          1,
          1,
          1,
          1,
          null,
          1,
          1,
          1,
          1,
          null,
          1,
          1,
          1,
          1,
          null,
          null,
          null,
          null,
          null,
          null
        ]
      },
      "/Users/rayj/turing/Mod_2/projects/relational_rails/spec/features/business/index_spec.rb": {
        "lines": [
          1,
          null,
          1,
          1,
          1,
          1,
          null,
          1,
          null,
          1,
          1,
          null,
          null,
          null,
          1,
          1,
          1,
          1,
          null,
          1,
          null,
          1,
          1,
          1,
          0,
          null,
          null
        ]
      },
      "/Users/rayj/turing/Mod_2/projects/relational_rails/spec/features/business/show_spec.rb": {
        "lines": [
          1,
          null,
          null,
          null,
          null,
          null,
          null,
          1,
          1,
          1,
          1,
          null,
          1,
          1,
          1,
          1,
          null,
          1,
          1,
          1,
          1,
          null,
          null
        ]
      },
      "/Users/rayj/turing/Mod_2/projects/relational_rails/spec/features/businesses-employees/businesses_employees_index_spec.rb": {
        "lines": [
          null,
          null,
          null,
          null,
          null,
          null,
          null,
          null,
          null,
          null,
          null,
          null,
          null,
          null,
          null,
          null,
          null,
          null,
          null,
          null
        ]
      },
      "/Users/rayj/turing/Mod_2/projects/relational_rails/spec/features/employees/employee_index_spec.rb": {
        "lines": [
          1,
          null,
          null,
          null,
          null,
          1,
          1,
          1,
          1,
          1,
          null,
          1,
          0,
          0,
          0,
          0,
          0,
          0,
          null,
          null
        ]
      },
      "/Users/rayj/turing/Mod_2/projects/relational_rails/spec/features/employees/employee_show_spec.rb": {
        "lines": [
          1,
          null,
          null,
          null,
          1,
          1,
          1,
          1,
          1,
          null,
          1,
          1,
          1,
          1,
          null,
          1,
          1,
          1,
          1,
          null,
          null
        ]
      },
      "/Users/rayj/turing/Mod_2/projects/relational_rails/spec/features/pastries/pastry_index_spec.rb": {
        "lines": [
          1,
          null,
          null,
          null,
          null,
          1,
          1,
          1,
          1,
          1,
          null,
          1,
          1,
          1,
          1,
          1,
          1,
          1,
          null,
          null
        ]
      },
      "/Users/rayj/turing/Mod_2/projects/relational_rails/spec/features/pastries/pastry_show_spec.rb": {
        "lines": [
          1,
          null,
          null,
          null,
          1,
          1,
          1,
          1,
          1,
          null,
          1,
          1,
          1,
          1,
          null,
          1,
          1,
          1,
          1,
          null,
          null
        ]
      },
      "/Users/rayj/turing/Mod_2/projects/relational_rails/spec/models/bakery_spec.rb": {
        "lines": [
          1,
          null,
          1,
          1,
          2,
          2,
          null,
          null
        ]
      },
      "/Users/rayj/turing/Mod_2/projects/relational_rails/app/models/bakery.rb": {
        "lines": [
          1,
          1,
          1,
          null
        ]
      },
      "/Users/rayj/turing/Mod_2/projects/relational_rails/app/models/application_record.rb": {
        "lines": [
          1,
          1,
          null
        ]
      },
      "/Users/rayj/turing/Mod_2/projects/relational_rails/spec/models/business_spec.rb": {
        "lines": [
          1,
          null,
          1,
          1,
          2,
          null,
          null
        ]
      },
      "/Users/rayj/turing/Mod_2/projects/relational_rails/app/models/business.rb": {
        "lines": [
          1,
          1,
          1,
          null,
          1,
          0,
          0,
          null,
          null,
          null,
          null
        ]
      },
      "/Users/olivia/turing/Mod-2/projects/relational_rails/app/models/pastry.rb": {
        "lines": [
          1,
          1,
          null
        ]
      },
      "/Users/olivia/turing/Mod-2/projects/relational_rails/app/controllers/pastries_controller.rb": {
        "lines": [
          1,
          null,
          1,
          4,
          4,
          null,
          null,
          1,
          0,
          0,
          null,
          null,
          1,
          null,
          null
        ]
      },
      "/Users/rayj/turing/Mod_2/projects/relational_rails/app/controllers/application_controller.rb": {
        "lines": [
          1,
          null
        ]
      },
      "/Users/olivia/turing/Mod-2/projects/relational_rails/app/controllers/bakeries_controller.rb": {
        "lines": [
          1,
          1,
          2,

          null,
          null,
          1,
          3,
          null,
          null,
          1,
          null,
          null,
          null
        ]
      },
      "/Users/olivia/turing/Mod-2/projects/relational_rails/app/controllers/businesses_controller.rb": {
        "lines": [
          1,
          1,
          1,
          null,
          null,
          1,
          4,
          null,
          null
        ]
      },

      "/Users/olivia/turing/Mod-2/projects/relational_rails/app/models/employee.rb": {
        "lines": [
          1,
          1,
          null
        ]
      },
      "/Users/olivia/turing/Mod-2/projects/relational_rails/app/controllers/employees_controller.rb": {
        "lines": [
          1,
          null,
          1,
          0,
          null,
          null,
          1,
          2,
          null,
          null,
          1,
          null,
          null
        ]
      }
    },
    "timestamp": 1616769518

  }
}
